{"/home/rafael/Dropbox/FullStackMaster/Semana1/Semana3/lib/juros.js": {"path":"/home/rafael/Dropbox/FullStackMaster/Semana1/Semana3/lib/juros.js","statementMap":{"0":{"start":{"line":1,"column":21},"end":{"line":1,"column":43}},"1":{"start":{"line":1,"column":34},"end":{"line":1,"column":43}},"2":{"start":{"line":3,"column":29},"end":{"line":3,"column":89}},"3":{"start":{"line":3,"column":51},"end":{"line":3,"column":89}},"4":{"start":{"line":3,"column":64},"end":{"line":3,"column":89}},"5":{"start":{"line":5,"column":31},"end":{"line":5,"column":79}},"6":{"start":{"line":5,"column":44},"end":{"line":5,"column":79}},"7":{"start":{"line":7,"column":23},"end":{"line":7,"column":99}},"8":{"start":{"line":7,"column":55},"end":{"line":7,"column":99}},"9":{"start":{"line":7,"column":66},"end":{"line":7,"column":99}},"10":{"start":{"line":10,"column":0},"end":{"line":19,"column":1}}},"fnMap":{"0":{"name":"(anonymous_0)","decl":{"start":{"line":1,"column":21},"end":{"line":1,"column":22}},"loc":{"start":{"line":1,"column":34},"end":{"line":1,"column":43}},"line":1},"1":{"name":"(anonymous_1)","decl":{"start":{"line":3,"column":29},"end":{"line":3,"column":30}},"loc":{"start":{"line":3,"column":51},"end":{"line":3,"column":89}},"line":3},"2":{"name":"(anonymous_2)","decl":{"start":{"line":3,"column":51},"end":{"line":3,"column":52}},"loc":{"start":{"line":3,"column":64},"end":{"line":3,"column":89}},"line":3},"3":{"name":"(anonymous_3)","decl":{"start":{"line":5,"column":31},"end":{"line":5,"column":32}},"loc":{"start":{"line":5,"column":44},"end":{"line":5,"column":79}},"line":5},"4":{"name":"(anonymous_4)","decl":{"start":{"line":7,"column":23},"end":{"line":7,"column":24}},"loc":{"start":{"line":7,"column":55},"end":{"line":7,"column":99}},"line":7},"5":{"name":"(anonymous_5)","decl":{"start":{"line":7,"column":55},"end":{"line":7,"column":56}},"loc":{"start":{"line":7,"column":66},"end":{"line":7,"column":99}},"line":7}},"branchMap":{},"s":{"0":1,"1":3,"2":1,"3":2,"4":1,"5":1,"6":1,"7":1,"8":2,"9":1,"10":1},"f":{"0":3,"1":2,"2":1,"3":1,"4":2,"5":1},"b":{},"_coverageSchema":"43e27e138ebf9cfc5966b082cf9a028302ed4184","hash":"953e9cbaff74af0a15b1baee2f905e9c4184a0bc"}
}
